<?xml version="1.0" encoding="UTF-8"?>
<!-- Generated by org.testng.reporters.JUnitReportReporter -->
<testsuite hostname="DESKTOP-FNAOHNH" failures="0" tests="1" name="sony.AnySubstringOf4" time="0.016" errors="0" timestamp="2024-01-16T18:26:49 IST" skipped="0">
  <testcase classname="sony.AnySubstringOf4" name="djd" time="0.016"/>
  <system-out/>
</testsuite> <!-- sony.AnySubstringOf4 -->
