<?xml version="1.0" encoding="UTF-8"?>
<!-- Generated by org.testng.reporters.JUnitReportReporter -->
<testsuite hostname="DESKTOP-FNAOHNH" failures="0" tests="1" name="sony.PrintFirst40EvenNumbers" time="0.013" errors="0" timestamp="2024-01-16T11:15:14 IST" skipped="0">
  <testcase classname="sony.PrintFirst40EvenNumbers" name="fg" time="0.013"/>
  <system-out/>
</testsuite> <!-- sony.PrintFirst40EvenNumbers -->
