<?xml version="1.0" encoding="UTF-8"?>
<!-- Generated by org.testng.reporters.JUnitReportReporter -->
<testsuite hostname="DESKTOP-FNAOHNH" failures="0" tests="1" name="mock.javaPrograms.Merge2Array" time="0.035" errors="0" timestamp="2024-01-15T19:51:50 IST" skipped="0">
  <testcase classname="mock.javaPrograms.Merge2Array" name="hgj" time="0.035"/>
  <system-out/>
</testsuite> <!-- mock.javaPrograms.Merge2Array -->
