<?xml version="1.0" encoding="UTF-8"?>
<!-- Generated by org.testng.reporters.JUnitReportReporter -->
<testsuite hostname="DESKTOP-FNAOHNH" failures="0" tests="1" name="mock.questions.SwapFirstWordToLast" time="0.016" errors="0" timestamp="2024-01-08T15:18:16 IST" skipped="0">
  <testcase classname="mock.questions.SwapFirstWordToLast" name="s" time="0.016"/>
  <system-out/>
</testsuite> <!-- mock.questions.SwapFirstWordToLast -->
