<?xml version="1.0" encoding="UTF-8"?>
<!-- Generated by org.testng.reporters.JUnitReportReporter -->
<testsuite hostname="DESKTOP-FNAOHNH" failures="0" tests="1" name="mock.javaPrograms.Stringis" time="0.034" errors="0" timestamp="2024-01-10T12:15:06 IST" skipped="0">
  <testcase classname="mock.javaPrograms.Stringis" name="ty" time="0.034"/>
  <system-out/>
</testsuite> <!-- mock.javaPrograms.Stringis -->
