<?xml version="1.0" encoding="UTF-8"?>
<!-- Generated by org.testng.reporters.JUnitReportReporter -->
<testsuite hostname="DESKTOP-FNAOHNH" failures="0" tests="1" name="mock.javaPrograms.VowelsInNameString" time="0.022" errors="0" timestamp="2024-01-10T12:57:41 IST" skipped="0">
  <testcase classname="mock.javaPrograms.VowelsInNameString" name="dhgdf" time="0.022"/>
  <system-out/>
</testsuite> <!-- mock.javaPrograms.VowelsInNameString -->
