<?xml version="1.0" encoding="UTF-8"?>
<!-- Generated by org.testng.reporters.JUnitReportReporter -->
<testsuite hostname="DESKTOP-FNAOHNH" failures="0" tests="1" name="mock.questions.TwoMaps" time="0.013" errors="0" timestamp="2024-01-31T20:36:32 IST" skipped="0">
  <testcase classname="mock.questions.TwoMaps" name="substringRepeated" time="0.013"/>
  <system-out/>
</testsuite> <!-- mock.questions.TwoMaps -->
