<?xml version="1.0" encoding="UTF-8"?>
<!-- Generated by org.testng.reporters.JUnitReportReporter -->
<testsuite hostname="DESKTOP-FNAOHNH" failures="0" tests="1" name="mock.javaPrograms.PrintNumbersBetween20divby2" time="0.016" errors="0" timestamp="2024-01-09T10:54:40 IST" skipped="0">
  <testcase classname="mock.javaPrograms.PrintNumbersBetween20divby2" name="hg" time="0.016"/>
  <system-out/>
</testsuite> <!-- mock.javaPrograms.PrintNumbersBetween20divby2 -->
