<?xml version="1.0" encoding="UTF-8"?>
<!-- Generated by org.testng.reporters.JUnitReportReporter -->
<testsuite hostname="DESKTOP-FNAOHNH" failures="0" tests="1" name="mock.javaPrograms.ArrayContains1" time="0.011" errors="0" timestamp="2024-01-11T12:50:35 IST" skipped="0">
  <testcase classname="mock.javaPrograms.ArrayContains1" name="hjkh" time="0.011"/>
  <system-out/>
</testsuite> <!-- mock.javaPrograms.ArrayContains1 -->
