<?xml version="1.0" encoding="UTF-8"?>
<!-- Generated by org.testng.reporters.JUnitReportReporter -->
<testsuite hostname="DESKTOP-FNAOHNH" failures="0" tests="1" name="mock.questions.Skyscanner" time="130.937" errors="0" timestamp="2024-01-16T17:51:23 IST" skipped="0">
  <testcase classname="mock.questions.Skyscanner" name="f" time="130.937"/>
  <system-out/>
</testsuite> <!-- mock.questions.Skyscanner -->
