<?xml version="1.0" encoding="UTF-8"?>
<!-- Generated by org.testng.reporters.JUnitReportReporter -->
<testsuite hostname="DESKTOP-FNAOHNH" failures="0" tests="1" name="sony.PrimeNum" time="0.012" errors="0" timestamp="2024-01-15T16:54:15 IST" skipped="0">
  <testcase classname="sony.PrimeNum" name="prime" time="0.012"/>
  <system-out/>
</testsuite> <!-- sony.PrimeNum -->
