<?xml version="1.0" encoding="UTF-8"?>
<!-- Generated by org.testng.reporters.JUnitReportReporter -->
<testsuite hostname="DESKTOP-FNAOHNH" failures="0" tests="1" name="sony.RangingprimeNumbers" time="0.011" errors="0" timestamp="2024-01-15T17:05:48 IST" skipped="0">
  <testcase classname="sony.RangingprimeNumbers" name="prime" time="0.011"/>
  <system-out/>
</testsuite> <!-- sony.RangingprimeNumbers -->
