<?xml version="1.0" encoding="UTF-8"?>
<!-- Generated by org.testng.reporters.JUnitReportReporter -->
<testsuite hostname="DESKTOP-FNAOHNH" failures="0" tests="1" name="mock.javaPrograms.ReverseInSamePlaceILOVETYSS" time="0.015" errors="0" timestamp="2024-01-08T17:38:34 IST" skipped="0">
  <testcase classname="mock.javaPrograms.ReverseInSamePlaceILOVETYSS" name="reverse" time="0.015"/>
  <system-out/>
</testsuite> <!-- mock.javaPrograms.ReverseInSamePlaceILOVETYSS -->
