<?xml version="1.0" encoding="UTF-8"?>
<!-- Generated by org.testng.reporters.JUnitReportReporter -->
<testsuite hostname="DESKTOP-FNAOHNH" failures="0" tests="1" name="mock.javaPrograms.RemoveDuplicateFromString" time="0.021" errors="0" timestamp="2024-01-19T06:05:09 IST" skipped="0">
  <testcase classname="mock.javaPrograms.RemoveDuplicateFromString" name="test" time="0.021"/>
  <system-out/>
</testsuite> <!-- mock.javaPrograms.RemoveDuplicateFromString -->
