<?xml version="1.0" encoding="UTF-8"?>
<!-- Generated by org.testng.reporters.JUnitReportReporter -->
<testsuite hostname="DESKTOP-FNAOHNH" failures="0" tests="1" name="mock.javaPrograms.OccurenceOfWordInString" time="0.009" errors="0" timestamp="2024-01-12T17:28:13 IST" skipped="0">
  <testcase classname="mock.javaPrograms.OccurenceOfWordInString" name="test" time="0.009"/>
  <system-out/>
</testsuite> <!-- mock.javaPrograms.OccurenceOfWordInString -->
