<?xml version="1.0" encoding="UTF-8"?>
<!-- Generated by org.testng.reporters.JUnitReportReporter -->
<testsuite hostname="DESKTOP-FNAOHNH" failures="0" tests="1" name="mock.javaPrograms.PrintWithoutDuplicateSortingOrder" time="0.027" errors="0" timestamp="2024-01-09T22:51:44 IST" skipped="0">
  <testcase classname="mock.javaPrograms.PrintWithoutDuplicateSortingOrder" name="jug" time="0.027"/>
  <system-out/>
</testsuite> <!-- mock.javaPrograms.PrintWithoutDuplicateSortingOrder -->
