<?xml version="1.0" encoding="UTF-8"?>
<!-- Generated by org.testng.reporters.JUnitReportReporter -->
<testsuite hostname="DESKTOP-FNAOHNH" failures="0" tests="1" name="mock.javaPrograms.IncreasingSpace" time="0.018" errors="0" timestamp="2024-01-25T12:42:38 IST" skipped="0">
  <testcase classname="mock.javaPrograms.IncreasingSpace" name="hjgj" time="0.018"/>
  <system-out/>
</testsuite> <!-- mock.javaPrograms.IncreasingSpace -->
