<?xml version="1.0" encoding="UTF-8"?>
<!-- Generated by org.testng.reporters.JUnitReportReporter -->
<testsuite hostname="DESKTOP-FNAOHNH" failures="0" tests="1" name="mock.javaPrograms.ArrayListReturnArray" time="0.011" errors="0" timestamp="2024-01-19T09:10:47 IST" skipped="0">
  <testcase classname="mock.javaPrograms.ArrayListReturnArray" name="hj" time="0.011"/>
  <system-out/>
</testsuite> <!-- mock.javaPrograms.ArrayListReturnArray -->
