<?xml version="1.0" encoding="UTF-8"?>
<!-- Generated by org.testng.reporters.JUnitReportReporter -->
<testsuite hostname="DESKTOP-FNAOHNH" failures="0" tests="1" name="sony.NoOfEvenNumbers" time="0.008" errors="0" timestamp="2024-01-15T17:00:10 IST" skipped="0">
  <testcase classname="sony.NoOfEvenNumbers" name="hj" time="0.008"/>
  <system-out/>
</testsuite> <!-- sony.NoOfEvenNumbers -->
