<?xml version="1.0" encoding="UTF-8"?>
<!-- Generated by org.testng.reporters.JUnitReportReporter -->
<testsuite hostname="DESKTOP-FNAOHNH" failures="0" tests="1" name="mock.javaPrograms.SegeregateAllTypes" time="0.009" errors="0" timestamp="2024-01-19T16:25:07 IST" skipped="0">
  <testcase classname="mock.javaPrograms.SegeregateAllTypes" name="special" time="0.009"/>
  <system-out/>
</testsuite> <!-- mock.javaPrograms.SegeregateAllTypes -->
