<?xml version="1.0" encoding="UTF-8"?>
<!-- Generated by org.testng.reporters.JUnitReportReporter -->
<testsuite hostname="DESKTOP-FNAOHNH" failures="0" tests="1" name="sony.RemoveallWhiteSpaces" time="0.031" errors="0" timestamp="2024-01-16T18:10:16 IST" skipped="0">
  <testcase classname="sony.RemoveallWhiteSpaces" name="remove" time="0.031"/>
  <system-out/>
</testsuite> <!-- sony.RemoveallWhiteSpaces -->
