<?xml version="1.0" encoding="UTF-8"?>
<!-- Generated by org.testng.reporters.JUnitReportReporter -->
<testsuite hostname="DESKTOP-FNAOHNH" failures="0" tests="1" name="mock.javaPrograms.ReverseEachWordInString" time="0.032" errors="0" timestamp="2024-01-10T13:34:47 IST" skipped="0">
  <testcase classname="mock.javaPrograms.ReverseEachWordInString" name="te" time="0.032"/>
  <system-out/>
</testsuite> <!-- mock.javaPrograms.ReverseEachWordInString -->
