<?xml version="1.0" encoding="UTF-8"?>
<!-- Generated by org.testng.reporters.JUnitReportReporter -->
<testsuite hostname="DESKTOP-FNAOHNH" failures="0" tests="1" name="sony.UppertoLowerLowertoUpper" time="0.012" errors="0" timestamp="2024-01-16T10:03:02 IST" skipped="0">
  <testcase classname="sony.UppertoLowerLowertoUpper" name="fjkfk" time="0.012"/>
  <system-out/>
</testsuite> <!-- sony.UppertoLowerLowertoUpper -->
