<?xml version="1.0" encoding="UTF-8"?>
<!-- Generated by org.testng.reporters.JUnitReportReporter -->
<testsuite hostname="DESKTOP-FNAOHNH" failures="0" tests="1" name="mock.javaPrograms.StringSwappingLoop" time="0.022" errors="0" timestamp="2024-01-12T09:14:47 IST" skipped="0">
  <testcase classname="mock.javaPrograms.StringSwappingLoop" name="fkjrh" time="0.022"/>
  <system-out/>
</testsuite> <!-- mock.javaPrograms.StringSwappingLoop -->
