<?xml version="1.0" encoding="UTF-8"?>
<!-- Generated by org.testng.reporters.JUnitReportReporter -->
<testsuite hostname="DESKTOP-FNAOHNH" failures="0" tests="1" name="mock.javaPrograms.OccurenceOfCharacterInString" time="0.020" errors="0" timestamp="2024-01-19T09:58:43 IST" skipped="0">
  <testcase classname="mock.javaPrograms.OccurenceOfCharacterInString" name="jk" time="0.020"/>
  <system-out/>
</testsuite> <!-- mock.javaPrograms.OccurenceOfCharacterInString -->
