<?xml version="1.0" encoding="UTF-8"?>
<!-- Generated by org.testng.reporters.JUnitReportReporter -->
<testsuite hostname="DESKTOP-FNAOHNH" failures="0" tests="1" name="sony.LoginWithoutSendKeys" time="8.093" errors="0" timestamp="2024-01-16T14:43:06 IST" skipped="0">
  <testcase classname="sony.LoginWithoutSendKeys" name="fhhgfh" time="8.093"/>
  <system-out/>
</testsuite> <!-- sony.LoginWithoutSendKeys -->
