<?xml version="1.0" encoding="UTF-8"?>
<!-- Generated by org.testng.reporters.JUnitReportReporter -->
<testsuite hostname="DESKTOP-FNAOHNH" failures="0" tests="1" name="mock.javaPrograms.BubbleSort" time="0.028" errors="0" timestamp="2024-01-10T11:09:55 IST" skipped="0">
  <testcase classname="mock.javaPrograms.BubbleSort" name="ghj" time="0.028"/>
  <system-out/>
</testsuite> <!-- mock.javaPrograms.BubbleSort -->
