<?xml version="1.0" encoding="UTF-8"?>
<!-- Generated by org.testng.reporters.JUnitReportReporter -->
<testsuite hostname="DESKTOP-FNAOHNH" failures="0" tests="1" name="mock.javaPrograms.A2B3C3D2" time="0.028" errors="0" timestamp="2024-01-19T05:59:05 IST" skipped="0">
  <testcase classname="mock.javaPrograms.A2B3C3D2" name="hjhkj" time="0.028"/>
  <system-out/>
</testsuite> <!-- mock.javaPrograms.A2B3C3D2 -->
