<?xml version="1.0" encoding="UTF-8"?>
<!-- Generated by org.testng.reporters.JUnitReportReporter -->
<testsuite hostname="DESKTOP-FNAOHNH" failures="0" tests="1" name="sony.Comapring2stringsUsingHashCode" time="0.009" errors="0" timestamp="2024-01-16T12:48:26 IST" skipped="0">
  <testcase classname="sony.Comapring2stringsUsingHashCode" name="hgjjh" time="0.009"/>
  <system-out/>
</testsuite> <!-- sony.Comapring2stringsUsingHashCode -->
