<?xml version="1.0" encoding="UTF-8"?>
<!-- Generated by org.testng.reporters.JUnitReportReporter -->
<testsuite hostname="DESKTOP-FNAOHNH" failures="0" tests="1" name="mock.javaPrograms.DD" time="0.029" errors="0" timestamp="2024-01-05T16:32:28 IST" skipped="0">
  <testcase classname="mock.javaPrograms.DD" name="t" time="0.029"/>
  <system-out/>
</testsuite> <!-- mock.javaPrograms.DD -->
