<?xml version="1.0" encoding="UTF-8"?>
<!-- Generated by org.testng.reporters.JUnitReportReporter -->
<testsuite hostname="DESKTOP-FNAOHNH" failures="0" tests="1" name="mock.javaPrograms.PrintMissingNumbers" time="0.016" errors="0" timestamp="2024-01-11T16:13:00 IST" skipped="0">
  <testcase classname="mock.javaPrograms.PrintMissingNumbers" name="print" time="0.016"/>
  <system-out/>
</testsuite> <!-- mock.javaPrograms.PrintMissingNumbers -->
