<?xml version="1.0" encoding="UTF-8"?>
<!-- Generated by org.testng.reporters.JUnitReportReporter -->
<testsuite hostname="DESKTOP-FNAOHNH" failures="0" tests="1" name="mock.javaPrograms.Print10th1000thplacenumber" time="0.010" errors="0" timestamp="2024-01-11T17:50:27 IST" skipped="0">
  <testcase classname="mock.javaPrograms.Print10th1000thplacenumber" name="fjhfkje" time="0.010"/>
  <system-out/>
</testsuite> <!-- mock.javaPrograms.Print10th1000thplacenumber -->
