<?xml version="1.0" encoding="UTF-8"?>
<!-- Generated by org.testng.reporters.JUnitReportReporter -->
<testsuite hostname="DESKTOP-FNAOHNH" failures="0" tests="1" name="mock.javaPrograms.RemoveDuplicateWordsFromString" time="0.035" errors="0" timestamp="2024-01-08T15:46:36 IST" skipped="0">
  <testcase classname="mock.javaPrograms.RemoveDuplicateWordsFromString" name="te" time="0.035"/>
  <system-out/>
</testsuite> <!-- mock.javaPrograms.RemoveDuplicateWordsFromString -->
