<?xml version="1.0" encoding="UTF-8"?>
<!-- Generated by org.testng.reporters.JUnitReportReporter -->
<testsuite hostname="DESKTOP-FNAOHNH" failures="0" tests="1" name="mock.javaPrograms.AnagramOrNot" time="0.016" errors="0" timestamp="2024-01-08T19:28:45 IST" skipped="0">
  <testcase classname="mock.javaPrograms.AnagramOrNot" name="ana" time="0.016"/>
  <system-out/>
</testsuite> <!-- mock.javaPrograms.AnagramOrNot -->
