<?xml version="1.0" encoding="UTF-8"?>
<!-- Generated by org.testng.reporters.JUnitReportReporter -->
<testsuite hostname="DESKTOP-FNAOHNH" failures="0" tests="1" name="sony.VowelsInAString" time="0.010" errors="0" timestamp="2024-01-15T17:15:09 IST" skipped="0">
  <testcase classname="sony.VowelsInAString" name="hj" time="0.010"/>
  <system-out/>
</testsuite> <!-- sony.VowelsInAString -->
