<?xml version="1.0" encoding="UTF-8"?>
<!-- Generated by org.testng.reporters.JUnitReportReporter -->
<testsuite hostname="DESKTOP-FNAOHNH" failures="0" tests="1" name="mock.javaPrograms.RightAngledTraiangle" time="0.015" errors="0" timestamp="2024-01-11T11:08:13 IST" skipped="0">
  <testcase classname="mock.javaPrograms.RightAngledTraiangle" name="fhgghf" time="0.015"/>
  <system-out/>
</testsuite> <!-- mock.javaPrograms.RightAngledTraiangle -->
