<?xml version="1.0" encoding="UTF-8"?>
<!-- Generated by org.testng.reporters.JUnitReportReporter -->
<testsuite hostname="DESKTOP-FNAOHNH" failures="0" tests="1" name="mock.javaPrograms.ASCIIDuplicate" time="0.010" errors="0" timestamp="2024-01-19T09:12:10 IST" skipped="0">
  <testcase classname="mock.javaPrograms.ASCIIDuplicate" name="gjh" time="0.010"/>
  <system-out/>
</testsuite> <!-- mock.javaPrograms.ASCIIDuplicate -->
