<?xml version="1.0" encoding="UTF-8"?>
<!-- Generated by org.testng.reporters.JUnitReportReporter -->
<testsuite hostname="DESKTOP-FNAOHNH" failures="0" tests="1" name="mock.javaPrograms.AABBDDFEEGG" time="0.031" errors="0" timestamp="2024-01-19T09:55:25 IST" skipped="0">
  <testcase classname="mock.javaPrograms.AABBDDFEEGG" name="kj" time="0.031"/>
  <system-out/>
</testsuite> <!-- mock.javaPrograms.AABBDDFEEGG -->
