<?xml version="1.0" encoding="UTF-8"?>
<!-- Generated by org.testng.reporters.JUnitReportReporter -->
<testsuite hostname="DESKTOP-FNAOHNH" failures="0" tests="1" name="mock.javaPrograms.FirstMaxWithoutBubbleSort" time="0.023" errors="0" timestamp="2024-01-19T12:17:35 IST" skipped="0">
  <testcase classname="mock.javaPrograms.FirstMaxWithoutBubbleSort" name="secondMax" time="0.023"/>
  <system-out/>
</testsuite> <!-- mock.javaPrograms.FirstMaxWithoutBubbleSort -->
