<?xml version="1.0" encoding="UTF-8"?>
<!-- Generated by org.testng.reporters.JUnitReportReporter -->
<testsuite hostname="DESKTOP-FNAOHNH" failures="0" tests="1" name="mock.javaPrograms.PrimeNumbers1to100" time="0.010" errors="0" timestamp="2024-01-15T16:56:07 IST" skipped="0">
  <testcase classname="mock.javaPrograms.PrimeNumbers1to100" name="ff" time="0.010"/>
  <system-out/>
</testsuite> <!-- mock.javaPrograms.PrimeNumbers1to100 -->
