<?xml version="1.0" encoding="UTF-8"?>
<!-- Generated by org.testng.reporters.JUnitReportReporter -->
<testsuite hostname="DESKTOP-FNAOHNH" failures="0" tests="1" name="mock.javaPrograms.RemoveSpaceAndreplacewithComma" time="0.014" errors="0" timestamp="2024-01-10T11:34:03 IST" skipped="0">
  <testcase classname="mock.javaPrograms.RemoveSpaceAndreplacewithComma" name="ghhgj" time="0.014"/>
  <system-out/>
</testsuite> <!-- mock.javaPrograms.RemoveSpaceAndreplacewithComma -->
