<?xml version="1.0" encoding="UTF-8"?>
<!-- Generated by org.testng.reporters.JUnitReportReporter -->
<testsuite hostname="DESKTOP-FNAOHNH" failures="0" tests="1" name="sony._2listsarepalindromeOrNpot" time="0.029" errors="0" timestamp="2024-01-16T00:23:29 IST" skipped="0">
  <testcase classname="sony._2listsarepalindromeOrNpot" name="ghjkl" time="0.029"/>
  <system-out/>
</testsuite> <!-- sony._2listsarepalindromeOrNpot -->
