<?xml version="1.0" encoding="UTF-8"?>
<!-- Generated by org.testng.reporters.JUnitReportReporter -->
<testsuite hostname="DESKTOP-FNAOHNH" failures="0" tests="1" name="mock.javaPrograms.NewProgram" time="0.019" errors="0" timestamp="2024-01-24T17:42:59 IST" skipped="0">
  <testcase classname="mock.javaPrograms.NewProgram" name="hghgj" time="0.019"/>
  <system-out/>
</testsuite> <!-- mock.javaPrograms.NewProgram -->
