<?xml version="1.0" encoding="UTF-8"?>
<!-- Generated by org.testng.reporters.JUnitReportReporter -->
<testsuite hostname="DESKTOP-FNAOHNH" failures="0" tests="1" name="mock.javaPrograms.StringOccurenceWithoutCollection" time="0.031" errors="0" timestamp="2024-01-17T08:50:49 IST" skipped="0">
  <testcase classname="mock.javaPrograms.StringOccurenceWithoutCollection" name="hjjh" time="0.031"/>
  <system-out/>
</testsuite> <!-- mock.javaPrograms.StringOccurenceWithoutCollection -->
