<?xml version="1.0" encoding="UTF-8"?>
<!-- Generated by org.testng.reporters.JUnitReportReporter -->
<testsuite hostname="DESKTOP-FNAOHNH" failures="0" tests="1" name="mock.javaPrograms.OccurenceOfAlphabets" time="0.011" errors="0" timestamp="2024-01-03T10:44:24 IST" skipped="0">
  <testcase classname="mock.javaPrograms.OccurenceOfAlphabets" name="t" time="0.011"/>
  <system-out/>
</testsuite> <!-- mock.javaPrograms.OccurenceOfAlphabets -->
