<?xml version="1.0" encoding="UTF-8"?>
<!-- Generated by org.testng.reporters.JUnitReportReporter -->
<testsuite hostname="DESKTOP-FNAOHNH" failures="0" tests="1" name="sony.PrimeOrNot" time="0.013" errors="0" timestamp="2024-01-16T14:19:07 IST" skipped="0">
  <testcase classname="sony.PrimeOrNot" name="j" time="0.013"/>
  <system-out/>
</testsuite> <!-- sony.PrimeOrNot -->
