<?xml version="1.0" encoding="UTF-8"?>
<!-- Generated by org.testng.reporters.JUnitReportReporter -->
<testsuite hostname="DESKTOP-FNAOHNH" failures="0" tests="1" name="mock.questions.Gmail" time="171.982" errors="0" timestamp="2024-01-08T15:07:09 IST" skipped="0">
  <testcase classname="mock.questions.Gmail" name="s" time="171.982"/>
  <system-out/>
</testsuite> <!-- mock.questions.Gmail -->
