<?xml version="1.0" encoding="UTF-8"?>
<!-- Generated by org.testng.reporters.JUnitReportReporter -->
<testsuite hostname="DESKTOP-FNAOHNH" failures="0" tests="1" name="mock.javaPrograms.Palindrome" time="0.013" errors="0" timestamp="2024-01-11T10:16:01 IST" skipped="0">
  <testcase classname="mock.javaPrograms.Palindrome" name="gfjj" time="0.013"/>
  <system-out/>
</testsuite> <!-- mock.javaPrograms.Palindrome -->
