<?xml version="1.0" encoding="UTF-8"?>
<!-- Generated by org.testng.reporters.JUnitReportReporter -->
<testsuite hostname="DESKTOP-FNAOHNH" failures="0" tests="1" name="sony.Merge2Array" time="0.015" errors="0" timestamp="2024-01-15T20:03:28 IST" skipped="0">
  <testcase classname="sony.Merge2Array" name="ghg" time="0.015"/>
  <system-out/>
</testsuite> <!-- sony.Merge2Array -->
