<?xml version="1.0" encoding="UTF-8"?>
<!-- Generated by org.testng.reporters.JUnitReportReporter -->
<testsuite hostname="DESKTOP-FNAOHNH" failures="0" tests="1" name="mock.questions.RedBusScenario" time="11.190" errors="0" timestamp="2024-01-04T10:27:29 IST" skipped="0">
  <testcase classname="mock.questions.RedBusScenario" name="test" time="11.190"/>
  <system-out/>
</testsuite> <!-- mock.questions.RedBusScenario -->
