<?xml version="1.0" encoding="UTF-8"?>
<!-- Generated by org.testng.reporters.JUnitReportReporter -->
<testsuite hostname="DESKTOP-FNAOHNH" failures="0" tests="1" name="mock.javaPrograms.SortZeroAtLast" time="0.009" errors="0" timestamp="2024-01-19T16:18:18 IST" skipped="0">
  <testcase classname="mock.javaPrograms.SortZeroAtLast" name="ghj" time="0.009"/>
  <system-out/>
</testsuite> <!-- mock.javaPrograms.SortZeroAtLast -->
