<?xml version="1.0" encoding="UTF-8"?>
<!-- Generated by org.testng.reporters.JUnitReportReporter -->
<testsuite hostname="DESKTOP-FNAOHNH" failures="0" tests="1" name="sony.FibonacciSeries" time="0.021" errors="0" timestamp="2024-01-16T09:38:25 IST" skipped="0">
  <testcase classname="sony.FibonacciSeries" name="jhk" time="0.021"/>
  <system-out/>
</testsuite> <!-- sony.FibonacciSeries -->
