<?xml version="1.0" encoding="UTF-8"?>
<!-- Generated by org.testng.reporters.JUnitReportReporter -->
<testsuite hostname="DESKTOP-FNAOHNH" failures="0" tests="1" name="sony.OccurenceOfSubstringUsingRegex" time="0.019" errors="0" timestamp="2024-01-17T16:22:18 IST" skipped="0">
  <testcase classname="sony.OccurenceOfSubstringUsingRegex" name="ghk" time="0.019"/>
  <system-out/>
</testsuite> <!-- sony.OccurenceOfSubstringUsingRegex -->
