<?xml version="1.0" encoding="UTF-8"?>
<!-- Generated by org.testng.reporters.JUnitReportReporter -->
<testsuite hostname="DESKTOP-FNAOHNH" failures="0" tests="1" name="mock.javaPrograms.RepeatedAtpositionsArray" time="0.029" errors="0" timestamp="2024-01-10T18:01:24 IST" skipped="0">
  <testcase classname="mock.javaPrograms.RepeatedAtpositionsArray" name="hghg" time="0.029"/>
  <system-out/>
</testsuite> <!-- mock.javaPrograms.RepeatedAtpositionsArray -->
