<?xml version="1.0" encoding="UTF-8"?>
<!-- Generated by org.testng.reporters.JUnitReportReporter -->
<testsuite hostname="DESKTOP-FNAOHNH" failures="0" tests="1" name="sony.BrowserVersion" time="3.956" errors="0" timestamp="2024-01-15T16:46:23 IST" skipped="0">
  <testcase classname="sony.BrowserVersion" name="brow" time="3.956"/>
  <system-out/>
</testsuite> <!-- sony.BrowserVersion -->
