<?xml version="1.0" encoding="UTF-8"?>
<!-- Generated by org.testng.reporters.JUnitReportReporter -->
<testsuite hostname="DESKTOP-FNAOHNH" failures="0" tests="1" name="mock.javaPrograms.PrintOnlyNumbersInreverse" time="0.010" errors="0" timestamp="2024-01-19T09:09:46 IST" skipped="0">
  <testcase classname="mock.javaPrograms.PrintOnlyNumbersInreverse" name="kjfhfkj" time="0.010"/>
  <system-out/>
</testsuite> <!-- mock.javaPrograms.PrintOnlyNumbersInreverse -->
