<?xml version="1.0" encoding="UTF-8"?>
<!-- Generated by org.testng.reporters.JUnitReportReporter -->
<testsuite hostname="DESKTOP-FNAOHNH" failures="0" tests="1" name="mock.javaPrograms.CountofCharacters" time="0.011" errors="0" timestamp="2024-01-09T12:27:58 IST" skipped="0">
  <testcase classname="mock.javaPrograms.CountofCharacters" name="tt" time="0.011"/>
  <system-out/>
</testsuite> <!-- mock.javaPrograms.CountofCharacters -->
