<?xml version="1.0" encoding="UTF-8"?>
<!-- Generated by org.testng.reporters.JUnitReportReporter -->
<testsuite hostname="DESKTOP-FNAOHNH" failures="0" tests="1" name="sony.NumberIsPalindrome" time="0.010" errors="0" timestamp="2024-01-16T13:04:13 IST" skipped="0">
  <testcase classname="sony.NumberIsPalindrome" name="jhghjghj" time="0.010"/>
  <system-out/>
</testsuite> <!-- sony.NumberIsPalindrome -->
