<?xml version="1.0" encoding="UTF-8"?>
<!-- Generated by org.testng.reporters.JUnitReportReporter -->
<testsuite hostname="DESKTOP-FNAOHNH" failures="0" tests="1" name="mock.javaPrograms.MYnameisPrakash" time="0.019" errors="0" timestamp="2024-01-25T20:03:02 IST" skipped="0">
  <testcase classname="mock.javaPrograms.MYnameisPrakash" name="jk" time="0.019"/>
  <system-out/>
</testsuite> <!-- mock.javaPrograms.MYnameisPrakash -->
