<?xml version="1.0" encoding="UTF-8"?>
<!-- Generated by org.testng.reporters.JUnitReportReporter -->
<testsuite hostname="DESKTOP-FNAOHNH" failures="0" tests="1" name="mock.javaPrograms.Productof3Maxnumbers" time="0.017" errors="0" timestamp="2024-01-08T17:29:58 IST" skipped="0">
  <testcase classname="mock.javaPrograms.Productof3Maxnumbers" name="e" time="0.017"/>
  <system-out/>
</testsuite> <!-- mock.javaPrograms.Productof3Maxnumbers -->
