<?xml version="1.0" encoding="UTF-8"?>
<!-- Generated by org.testng.reporters.JUnitReportReporter -->
<testsuite hostname="DESKTOP-FNAOHNH" failures="0" tests="1" name="mock.javaPrograms.SubstringandremoveduplicateCollection" time="0.031" errors="0" timestamp="2024-01-10T11:05:52 IST" skipped="0">
  <testcase classname="mock.javaPrograms.SubstringandremoveduplicateCollection" name="hh" time="0.031"/>
  <system-out/>
</testsuite> <!-- mock.javaPrograms.SubstringandremoveduplicateCollection -->
