<?xml version="1.0" encoding="UTF-8"?>
<!-- Generated by org.testng.reporters.JUnitReportReporter -->
<testsuite hostname="DESKTOP-FNAOHNH" failures="0" tests="1" name="mock.javaPrograms.Sumis11" time="0.012" errors="0" timestamp="2024-01-11T12:00:08 IST" skipped="0">
  <testcase classname="mock.javaPrograms.Sumis11" name="Dg" time="0.012"/>
  <system-out/>
</testsuite> <!-- mock.javaPrograms.Sumis11 -->
