<?xml version="1.0" encoding="UTF-8"?>
<!-- Generated by org.testng.reporters.JUnitReportReporter -->
<testsuite hostname="DESKTOP-FNAOHNH" failures="0" tests="1" name="sony.AbbrevationOfString" time="0.018" errors="0" timestamp="2024-01-16T18:24:06 IST" skipped="0">
  <testcase classname="sony.AbbrevationOfString" name="hj" time="0.018"/>
  <system-out/>
</testsuite> <!-- sony.AbbrevationOfString -->
