<?xml version="1.0" encoding="UTF-8"?>
<!-- Generated by org.testng.reporters.JUnitReportReporter -->
<testsuite hostname="DESKTOP-FNAOHNH" failures="0" tests="1" name="mock.javaPrograms.SumOfFirst3MinNumbers" time="0.032" errors="0" timestamp="2024-01-09T14:34:22 IST" skipped="0">
  <testcase classname="mock.javaPrograms.SumOfFirst3MinNumbers" name="gg" time="0.032"/>
  <system-out/>
</testsuite> <!-- mock.javaPrograms.SumOfFirst3MinNumbers -->
