<?xml version="1.0" encoding="UTF-8"?>
<!-- Generated by org.testng.reporters.JUnitReportReporter -->
<testsuite hostname="DESKTOP-FNAOHNH" failures="0" tests="1" name="mock.javaPrograms.ListUsingMap" time="0.030" errors="0" timestamp="2024-01-12T11:31:16 IST" skipped="0">
  <testcase classname="mock.javaPrograms.ListUsingMap" name="hjkkjg" time="0.030"/>
  <system-out/>
</testsuite> <!-- mock.javaPrograms.ListUsingMap -->
