<?xml version="1.0" encoding="UTF-8"?>
<!-- Generated by org.testng.reporters.JUnitReportReporter -->
<testsuite hostname="DESKTOP-FNAOHNH" failures="0" tests="1" name="mock.javaPrograms.ReverseAlternateWordInaString" time="0.011" errors="0" timestamp="2024-01-11T17:39:55 IST" skipped="0">
  <testcase classname="mock.javaPrograms.ReverseAlternateWordInaString" name="jhfjhfj" time="0.011"/>
  <system-out/>
</testsuite> <!-- mock.javaPrograms.ReverseAlternateWordInaString -->
