<?xml version="1.0" encoding="UTF-8"?>
<!-- Generated by org.testng.reporters.JUnitReportReporter -->
<testsuite hostname="DESKTOP-FNAOHNH" failures="0" tests="1" name="sony.ChromeOptionshandling" time="5.666" errors="0" timestamp="2024-01-15T21:20:46 IST" skipped="0">
  <testcase classname="sony.ChromeOptionshandling" name="gfhjhg" time="5.666"/>
  <system-out/>
</testsuite> <!-- sony.ChromeOptionshandling -->
