<?xml version="1.0" encoding="UTF-8"?>
<!-- Generated by org.testng.reporters.JUnitReportReporter -->
<testsuite hostname="DESKTOP-FNAOHNH" failures="0" tests="1" name="mock.javaPrograms.PrintInIncreasingCharacter" time="0.018" errors="0" timestamp="2024-01-16T00:04:22 IST" skipped="0">
  <testcase classname="mock.javaPrograms.PrintInIncreasingCharacter" name="fg" time="0.018"/>
  <system-out/>
</testsuite> <!-- mock.javaPrograms.PrintInIncreasingCharacter -->
