<?xml version="1.0" encoding="UTF-8"?>
<!-- Generated by org.testng.reporters.JUnitReportReporter -->
<testsuite hostname="DESKTOP-FNAOHNH" failures="0" tests="1" name="mock.javaPrograms.StringExtractNumber" time="0.010" errors="0" timestamp="2024-01-11T17:05:10 IST" skipped="0">
  <testcase classname="mock.javaPrograms.StringExtractNumber" name="hkjnj" time="0.010"/>
  <system-out/>
</testsuite> <!-- mock.javaPrograms.StringExtractNumber -->
