<?xml version="1.0" encoding="UTF-8"?>
<!-- Generated by org.testng.reporters.JUnitReportReporter -->
<testsuite hostname="DESKTOP-FNAOHNH" failures="0" tests="1" name="sony.SubString" time="0.028" errors="0" timestamp="2024-01-15T19:12:13 IST" skipped="0">
  <testcase classname="sony.SubString" name="gfgf" time="0.028"/>
  <system-out/>
</testsuite> <!-- sony.SubString -->
