<?xml version="1.0" encoding="UTF-8"?>
<!-- Generated by org.testng.reporters.JUnitReportReporter -->
<testsuite hostname="DESKTOP-FNAOHNH" failures="0" tests="1" name="mock.javaPrograms.MultiplyThreeMaxNumbers" time="0.010" errors="0" timestamp="2024-01-19T15:21:18 IST" skipped="0">
  <testcase classname="mock.javaPrograms.MultiplyThreeMaxNumbers" name="highest" time="0.010"/>
  <system-out/>
</testsuite> <!-- mock.javaPrograms.MultiplyThreeMaxNumbers -->
