<?xml version="1.0" encoding="UTF-8"?>
<!-- Generated by org.testng.reporters.JUnitReportReporter -->
<testsuite hostname="DESKTOP-FNAOHNH" failures="0" tests="1" name="sony.PalindromeInaString" time="0.009" errors="0" timestamp="2024-01-16T11:56:15 IST" skipped="0">
  <testcase classname="sony.PalindromeInaString" name="hjh" time="0.009"/>
  <system-out/>
</testsuite> <!-- sony.PalindromeInaString -->
