<?xml version="1.0" encoding="UTF-8"?>
<!-- Generated by org.testng.reporters.JUnitReportReporter -->
<testsuite hostname="DESKTOP-FNAOHNH" failures="0" tests="1" name="mock.javaPrograms.ReversingString" time="0.036" errors="0" timestamp="2024-01-10T12:45:51 IST" skipped="0">
  <testcase classname="mock.javaPrograms.ReversingString" name="ghgjj" time="0.036"/>
  <system-out/>
</testsuite> <!-- mock.javaPrograms.ReversingString -->
