<?xml version="1.0" encoding="UTF-8"?>
<!-- Generated by org.testng.reporters.JUnitReportReporter -->
<testsuite hostname="DESKTOP-FNAOHNH" failures="0" tests="1" name="mock.questions.GoIbibo" time="27.646" errors="0" timestamp="2024-01-14T20:21:23 IST" skipped="0">
  <testcase classname="mock.questions.GoIbibo" name="main2" time="27.646"/>
  <system-out/>
</testsuite> <!-- mock.questions.GoIbibo -->
