<?xml version="1.0" encoding="UTF-8"?>
<!-- Generated by org.testng.reporters.JUnitReportReporter -->
<testsuite hostname="DESKTOP-FNAOHNH" failures="0" tests="1" name="sony.EvenOddUsingIterator" time="0.030" errors="0" timestamp="2024-01-15T22:11:28 IST" skipped="0">
  <testcase classname="sony.EvenOddUsingIterator" name="fgh" time="0.030"/>
  <system-out/>
</testsuite> <!-- sony.EvenOddUsingIterator -->
