<?xml version="1.0" encoding="UTF-8"?>
<!-- Generated by org.testng.reporters.JUnitReportReporter -->
<testsuite hostname="DESKTOP-FNAOHNH" failures="0" tests="1" name="mock.javaPrograms.OccurenceofWord" time="0.029" errors="0" timestamp="2024-01-09T11:07:04 IST" skipped="0">
  <testcase classname="mock.javaPrograms.OccurenceofWord" name="usingmap" time="0.029"/>
  <system-out/>
</testsuite> <!-- mock.javaPrograms.OccurenceofWord -->
