<?xml version="1.0" encoding="UTF-8"?>
<!-- Generated by org.testng.reporters.JUnitReportReporter -->
<testsuite hostname="DESKTOP-FNAOHNH" failures="0" tests="1" name="sony.StringRev" time="0.017" errors="0" timestamp="2024-01-15T20:09:22 IST" skipped="0">
  <testcase classname="sony.StringRev" name="fgh" time="0.017"/>
  <system-out/>
</testsuite> <!-- sony.StringRev -->
