<?xml version="1.0" encoding="UTF-8"?>
<!-- Generated by org.testng.reporters.JUnitReportReporter -->
<testsuite hostname="DESKTOP-FNAOHNH" failures="0" tests="1" name="mock.javaPrograms.PalindromeusingIterator" time="0.014" errors="0" timestamp="2024-01-11T16:05:38 IST" skipped="0">
  <testcase classname="mock.javaPrograms.PalindromeusingIterator" name="jhjh" time="0.014"/>
  <system-out/>
</testsuite> <!-- mock.javaPrograms.PalindromeusingIterator -->
