<?xml version="1.0" encoding="UTF-8"?>
<!-- Generated by org.testng.reporters.JUnitReportReporter -->
<testsuite hostname="DESKTOP-FNAOHNH" failures="0" tests="1" name="sony.HashmapOccurence" time="0.013" errors="0" timestamp="2024-01-23T21:36:13 IST" skipped="0">
  <testcase classname="sony.HashmapOccurence" name="fjghhj" time="0.013"/>
  <system-out/>
</testsuite> <!-- sony.HashmapOccurence -->
