<?xml version="1.0" encoding="UTF-8"?>
<!-- Generated by org.testng.reporters.JUnitReportReporter -->
<testsuite hostname="DESKTOP-FNAOHNH" failures="0" tests="2" name="mock.javaPrograms.PrintNumbersWithComma" time="0.036" errors="0" timestamp="2024-01-08T14:55:31 IST" skipped="0">
  <testcase classname="mock.javaPrograms.PrintNumbersWithComma" name="g" time="0.005"/>
  <system-out/>
  <testcase classname="mock.javaPrograms.PrintNumbersWithComma" name="f" time="0.031"/>
  <system-out/>
</testsuite> <!-- mock.javaPrograms.PrintNumbersWithComma -->
