<?xml version="1.0" encoding="UTF-8"?>
<!-- Generated by org.testng.reporters.JUnitReportReporter -->
<testsuite hostname="DESKTOP-FNAOHNH" failures="0" tests="1" name="sony.FetchingCountOfRepeatedSubString" time="0.016" errors="0" timestamp="2024-01-16T18:27:39 IST" skipped="0">
  <testcase classname="sony.FetchingCountOfRepeatedSubString" name="ffh" time="0.016"/>
  <system-out/>
</testsuite> <!-- sony.FetchingCountOfRepeatedSubString -->
