<?xml version="1.0" encoding="UTF-8"?>
<!-- Generated by org.testng.reporters.JUnitReportReporter -->
<testsuite hostname="DESKTOP-FNAOHNH" failures="0" tests="1" name="sony.PairOfNumbersis11" time="0.033" errors="0" timestamp="2024-01-15T20:27:59 IST" skipped="0">
  <testcase classname="sony.PairOfNumbersis11" name="fg" time="0.033"/>
  <system-out/>
</testsuite> <!-- sony.PairOfNumbersis11 -->
