<?xml version="1.0" encoding="UTF-8"?>
<!-- Generated by org.testng.reporters.JUnitReportReporter -->
<testsuite hostname="DESKTOP-FNAOHNH" failures="0" tests="1" name="mock.javaPrograms.PositionsInArray" time="0.022" errors="0" timestamp="2024-01-29T18:05:12 IST" skipped="0">
  <testcase classname="mock.javaPrograms.PositionsInArray" name="arrai" time="0.022"/>
  <system-out/>
</testsuite> <!-- mock.javaPrograms.PositionsInArray -->
