<?xml version="1.0" encoding="UTF-8"?>
<!-- Generated by org.testng.reporters.JUnitReportReporter -->
<testsuite hostname="DESKTOP-FNAOHNH" failures="0" tests="1" name="mock.javaPrograms.Occurenceinput" time="0.012" errors="0" timestamp="2024-01-11T10:20:45 IST" skipped="0">
  <testcase classname="mock.javaPrograms.Occurenceinput" name="dd" time="0.012"/>
  <system-out/>
</testsuite> <!-- mock.javaPrograms.Occurenceinput -->
