<?xml version="1.0" encoding="UTF-8"?>
<!-- Generated by org.testng.reporters.JUnitReportReporter -->
<testsuite hostname="DESKTOP-FNAOHNH" failures="0" tests="1" name="mock.javaPrograms.HighestOccurenceInArray" time="0.031" errors="0" timestamp="2024-01-03T10:18:02 IST" skipped="0">
  <testcase classname="mock.javaPrograms.HighestOccurenceInArray" name="oc" time="0.031"/>
  <system-out/>
</testsuite> <!-- mock.javaPrograms.HighestOccurenceInArray -->
