<?xml version="1.0" encoding="UTF-8"?>
<!-- Generated by org.testng.reporters.JUnitReportReporter -->
<testsuite hostname="DESKTOP-FNAOHNH" failures="0" tests="1" name="sony.MaxMinUsingArraylist" time="0.012" errors="0" timestamp="2024-01-15T22:21:15 IST" skipped="0">
  <testcase classname="sony.MaxMinUsingArraylist" name="ghgj" time="0.012"/>
  <system-out/>
</testsuite> <!-- sony.MaxMinUsingArraylist -->
